<?xml version="1.0" encoding="UTF-8"?>
<!-- Generated by org.testng.reporters.JUnitXMLReporter -->
<testsuite ignored="0" hostname="yogeshwari-007YKB" failures="0" tests="2" name="Default test" time="70.959" errors="0" timestamp="2023-01-22T15:30:02 IST">
  <testcase classname="a_NeostoxTestClasses.ValidateTCwithPropertyFile" name="validateAcBalance" time="0.109"/>
  <testcase classname="a_NeostoxTestClasses.ValidateTCwithPropertyFile" name="validateUserNameFromNeostox" time="0.755"/>
</testsuite> <!-- Default test -->
