<?xml version="1.0" encoding="UTF-8"?>
<testng-results ignored="0" total="2" passed="2" failed="0" skipped="0">
  <reporter-output>
    <line>
      <![CDATA[Data read from property file is https://neostox.com]]>
    </line>
    <line>
      <![CDATA[Applied impicit wait of 1000]]>
    </line>
    <line>
      <![CDATA[Browser has been launched]]>
    </line>
    <line>
      <![CDATA[Clicked on Home page's sign in button  ]]>
    </line>
    <line>
      <![CDATA[Applied impicit wait of 1000]]>
    </line>
    <line>
      <![CDATA[Data read from property file is 9890668522]]>
    </line>
    <line>
      <![CDATA[Entered mobile no ]]>
    </line>
    <line>
      <![CDATA[clicked on sign in button ]]>
    </line>
    <line>
      <![CDATA[Applied impicit wait of 1000]]>
    </line>
    <line>
      <![CDATA[Data read from property file is 1691]]>
    </line>
    <line>
      <![CDATA[Entered password ]]>
    </line>
    <line>
      <![CDATA[Clicked on submit button ]]>
    </line>
    <line>
      <![CDATA[Applied impicit wait of 500]]>
    </line>
    <line>
      <![CDATA[Clicked on ok popup button]]>
    </line>
    <line>
      <![CDATA[Pop has been handled ]]>
    </line>
    <line>
      <![CDATA[The available balance is Rs.5,00,000.00]]>
    </line>
    <line>
      <![CDATA[Clicked on log out button]]>
    </line>
    <line>
      <![CDATA[Clicked on Home page's sign in button  ]]>
    </line>
    <line>
      <![CDATA[Applied impicit wait of 1000]]>
    </line>
    <line>
      <![CDATA[Data read from property file is 9890668522]]>
    </line>
    <line>
      <![CDATA[Entered mobile no ]]>
    </line>
    <line>
      <![CDATA[clicked on sign in button ]]>
    </line>
    <line>
      <![CDATA[Applied impicit wait of 1000]]>
    </line>
    <line>
      <![CDATA[Data read from property file is 1691]]>
    </line>
    <line>
      <![CDATA[Entered password ]]>
    </line>
    <line>
      <![CDATA[Clicked on submit button ]]>
    </line>
    <line>
      <![CDATA[Applied impicit wait of 500]]>
    </line>
    <line>
      <![CDATA[The popUp is not found]]>
    </line>
    <line>
      <![CDATA[getting actual user Name]]>
    </line>
    <line>
      <![CDATA[Actual user name is --> Hi Yogeshwari bhoyar]]>
    </line>
    <line>
      <![CDATA[Data read from property file is Hi Yogeshwari bhoyar]]>
    </line>
    <line>
      <![CDATA[Took Screnshot ]]>
    </line>
    <line>
      <![CDATA[Screnshot took and stored at F:\Automation\ScreenShots\TCID-1111.png]]>
    </line>
    <line>
      <![CDATA[Clicked on log out button]]>
    </line>
  </reporter-output>
  <suite started-at="2023-01-22T15:28:51 IST" name="Default suite" finished-at="2023-01-22T15:30:02 IST" duration-ms="70959">
    <groups>
    </groups>
    <test started-at="2023-01-22T15:28:51 IST" name="Default test" finished-at="2023-01-22T15:30:02 IST" duration-ms="70959">
      <class name="a_NeostoxTestClasses.ValidateTCwithPropertyFile">
        <test-method is-config="true" signature="launchNeostoxApp()[pri:0, instance:a_NeostoxTestClasses.ValidateTCwithPropertyFile@5ffead27]" started-at="2023-01-22T15:28:51 IST" name="launchNeostoxApp" finished-at="2023-01-22T15:29:09 IST" duration-ms="18093" status="PASS">
          <reporter-output>
            <line>
              <![CDATA[Data read from property file is https://neostox.com]]>
            </line>
            <line>
              <![CDATA[Applied impicit wait of 1000]]>
            </line>
            <line>
              <![CDATA[Browser has been launched]]>
            </line>
          </reporter-output>
        </test-method> <!-- launchNeostoxApp -->
        <test-method is-config="true" signature="signInToNeostox()[pri:0, instance:a_NeostoxTestClasses.ValidateTCwithPropertyFile@5ffead27]" started-at="2023-01-22T15:29:09 IST" name="signInToNeostox" finished-at="2023-01-22T15:29:44 IST" duration-ms="35141" status="PASS">
          <reporter-output>
            <line>
              <![CDATA[Clicked on Home page's sign in button  ]]>
            </line>
            <line>
              <![CDATA[Applied impicit wait of 1000]]>
            </line>
            <line>
              <![CDATA[Data read from property file is 9890668522]]>
            </line>
            <line>
              <![CDATA[Entered mobile no ]]>
            </line>
            <line>
              <![CDATA[clicked on sign in button ]]>
            </line>
            <line>
              <![CDATA[Applied impicit wait of 1000]]>
            </line>
            <line>
              <![CDATA[Data read from property file is 1691]]>
            </line>
            <line>
              <![CDATA[Entered password ]]>
            </line>
            <line>
              <![CDATA[Clicked on submit button ]]>
            </line>
            <line>
              <![CDATA[Applied impicit wait of 500]]>
            </line>
            <line>
              <![CDATA[Clicked on ok popup button]]>
            </line>
            <line>
              <![CDATA[Pop has been handled ]]>
            </line>
          </reporter-output>
        </test-method> <!-- signInToNeostox -->
        <test-method signature="validateAcBalance()[pri:0, instance:a_NeostoxTestClasses.ValidateTCwithPropertyFile@5ffead27]" started-at="2023-01-22T15:29:44 IST" name="validateAcBalance" finished-at="2023-01-22T15:29:44 IST" duration-ms="109" status="PASS">
          <reporter-output>
            <line>
              <![CDATA[The available balance is Rs.5,00,000.00]]>
            </line>
          </reporter-output>
        </test-method> <!-- validateAcBalance -->
        <test-method is-config="true" signature="logOutFromNeostox()[pri:0, instance:a_NeostoxTestClasses.ValidateTCwithPropertyFile@5ffead27]" started-at="2023-01-22T15:29:44 IST" name="logOutFromNeostox" finished-at="2023-01-22T15:29:46 IST" duration-ms="1387" status="PASS">
          <reporter-output>
            <line>
              <![CDATA[Clicked on log out button]]>
            </line>
          </reporter-output>
        </test-method> <!-- logOutFromNeostox -->
        <test-method is-config="true" signature="signInToNeostox()[pri:0, instance:a_NeostoxTestClasses.ValidateTCwithPropertyFile@5ffead27]" started-at="2023-01-22T15:29:46 IST" name="signInToNeostox" finished-at="2023-01-22T15:29:57 IST" duration-ms="10982" status="PASS">
          <reporter-output>
            <line>
              <![CDATA[Clicked on Home page's sign in button  ]]>
            </line>
            <line>
              <![CDATA[Applied impicit wait of 1000]]>
            </line>
            <line>
              <![CDATA[Data read from property file is 9890668522]]>
            </line>
            <line>
              <![CDATA[Entered mobile no ]]>
            </line>
            <line>
              <![CDATA[clicked on sign in button ]]>
            </line>
            <line>
              <![CDATA[Applied impicit wait of 1000]]>
            </line>
            <line>
              <![CDATA[Data read from property file is 1691]]>
            </line>
            <line>
              <![CDATA[Entered password ]]>
            </line>
            <line>
              <![CDATA[Clicked on submit button ]]>
            </line>
            <line>
              <![CDATA[Applied impicit wait of 500]]>
            </line>
            <line>
              <![CDATA[The popUp is not found]]>
            </line>
          </reporter-output>
        </test-method> <!-- signInToNeostox -->
        <test-method signature="validateUserNameFromNeostox()[pri:0, instance:a_NeostoxTestClasses.ValidateTCwithPropertyFile@5ffead27]" started-at="2023-01-22T15:29:57 IST" name="validateUserNameFromNeostox" finished-at="2023-01-22T15:29:57 IST" duration-ms="755" status="PASS">
          <reporter-output>
            <line>
              <![CDATA[getting actual user Name]]>
            </line>
            <line>
              <![CDATA[Actual user name is --> Hi Yogeshwari bhoyar]]>
            </line>
            <line>
              <![CDATA[Data read from property file is Hi Yogeshwari bhoyar]]>
            </line>
            <line>
              <![CDATA[Took Screnshot ]]>
            </line>
            <line>
              <![CDATA[Screnshot took and stored at F:\Automation\ScreenShots\TCID-1111.png]]>
            </line>
          </reporter-output>
        </test-method> <!-- validateUserNameFromNeostox -->
        <test-method is-config="true" signature="logOutFromNeostox()[pri:0, instance:a_NeostoxTestClasses.ValidateTCwithPropertyFile@5ffead27]" started-at="2023-01-22T15:29:57 IST" name="logOutFromNeostox" finished-at="2023-01-22T15:30:02 IST" duration-ms="4063" status="PASS">
          <reporter-output>
            <line>
              <![CDATA[Clicked on log out button]]>
            </line>
          </reporter-output>
        </test-method> <!-- logOutFromNeostox -->
        <test-method is-config="true" signature="closeTheNeostoxApp()[pri:0, instance:a_NeostoxTestClasses.ValidateTCwithPropertyFile@5ffead27]" started-at="2023-01-22T15:30:02 IST" name="closeTheNeostoxApp" finished-at="2023-01-22T15:30:02 IST" duration-ms="344" status="PASS">
          <reporter-output>
          </reporter-output>
        </test-method> <!-- closeTheNeostoxApp -->
      </class> <!-- a_NeostoxTestClasses.ValidateTCwithPropertyFile -->
    </test> <!-- Default test -->
  </suite> <!-- Default suite -->
</testng-results>
